<?xml version="1.0" encoding="UTF-8"?>
<coverage generated="1544956183044" clover="3.2.0">
  <project timestamp="1544956183044" name="All files">
    <metrics statements="43" coveredstatements="19" conditionals="10" coveredconditionals="4" methods="8" coveredmethods="3" elements="61" coveredelements="26" complexity="0" loc="43" ncloc="43" packages="2" files="3" classes="3">
      <package name="src">
        <metrics statements="2" coveredstatements="2" conditionals="0" coveredconditionals="0" methods="0" coveredmethods="0"/>
        <file name="App.vue" path="C:\Users\Essid\Desktop\Turing\ms-fe-code-challenge2.0\src\App.vue">
          <metrics statements="2" coveredstatements="2" conditionals="0" coveredconditionals="0" methods="0" coveredmethods="0"/>
          <line num="9" count="2" type="stmt"/>
          <line num="10" count="2" type="stmt"/>
        </file>
      </package>
      <package name="src.components">
        <metrics statements="41" coveredstatements="17" conditionals="10" coveredconditionals="4" methods="8" coveredmethods="3"/>
        <file name="Header.vue" path="C:\Users\Essid\Desktop\Turing\ms-fe-code-challenge2.0\src\components\Header.vue">
          <metrics statements="10" coveredstatements="6" conditionals="8" coveredconditionals="4" methods="0" coveredmethods="0"/>
          <line num="72" count="2" type="stmt"/>
          <line num="77" count="2" type="stmt"/>
          <line num="102" count="2" type="cond" truecount="1" falsecount="1"/>
          <line num="103" count="0" type="stmt"/>
          <line num="105" count="2" type="cond" truecount="1" falsecount="1"/>
          <line num="106" count="0" type="stmt"/>
          <line num="108" count="2" type="cond" truecount="1" falsecount="1"/>
          <line num="109" count="0" type="stmt"/>
          <line num="111" count="2" type="cond" truecount="1" falsecount="1"/>
          <line num="112" count="0" type="stmt"/>
        </file>
        <file name="Table.vue" path="C:\Users\Essid\Desktop\Turing\ms-fe-code-challenge2.0\src\components\Table.vue">
          <metrics statements="31" coveredstatements="11" conditionals="2" coveredconditionals="0" methods="8" coveredmethods="3"/>
          <line num="115" count="2" type="stmt"/>
          <line num="116" count="2" type="stmt"/>
          <line num="117" count="2" type="stmt"/>
          <line num="119" count="2" type="stmt"/>
          <line num="124" count="1" type="stmt"/>
          <line num="133" count="0" type="cond" truecount="0" falsecount="2"/>
          <line num="134" count="0" type="stmt"/>
          <line num="136" count="0" type="stmt"/>
          <line num="138" count="0" type="stmt"/>
          <line num="139" count="0" type="stmt"/>
          <line num="140" count="0" type="stmt"/>
          <line num="143" count="0" type="stmt"/>
          <line num="151" count="0" type="stmt"/>
          <line num="160" count="0" type="stmt"/>
          <line num="161" count="0" type="stmt"/>
          <line num="162" count="0" type="stmt"/>
          <line num="165" count="0" type="stmt"/>
          <line num="175" count="0" type="stmt"/>
          <line num="176" count="0" type="stmt"/>
          <line num="177" count="0" type="stmt"/>
          <line num="178" count="0" type="stmt"/>
          <line num="179" count="0" type="stmt"/>
          <line num="184" count="1" type="stmt"/>
          <line num="189" count="0" type="stmt"/>
          <line num="192" count="1" type="stmt"/>
          <line num="194" count="1" type="stmt"/>
          <line num="199" count="0" type="stmt"/>
          <line num="202" count="1" type="stmt"/>
          <line num="204" count="1" type="stmt"/>
          <line num="209" count="0" type="stmt"/>
          <line num="212" count="1" type="stmt"/>
        </file>
      </package>
    </metrics>
  </project>
</coverage>
