{"C:\\Users\\Essid\\Desktop\\Turing\\ms-fe-code-challenge2.0\\src\\App.vue": {"path":"C:\\Users\\Essid\\Desktop\\Turing\\ms-fe-code-challenge2.0\\src\\App.vue","statementMap":{"0":{"start":{"line":9,"column":0},"end":{"line":null,"column":-1}},"1":{"start":{"line":10,"column":0},"end":{"line":null,"column":-1}}},"fnMap":{},"branchMap":{},"s":{"0":2,"1":2},"f":{},"b":{}}
,"C:\\Users\\Essid\\Desktop\\Turing\\ms-fe-code-challenge2.0\\src\\components\\Header.vue": {"path":"C:\\Users\\Essid\\Desktop\\Turing\\ms-fe-code-challenge2.0\\src\\components\\Header.vue","statementMap":{"0":{"start":{"line":72,"column":0},"end":{"line":null,"column":-1}},"1":{"start":{"line":77,"column":0},"end":{"line":null,"column":-1}},"2":{"start":{"line":102,"column":0},"end":{"line":104,"column":0}},"3":{"start":{"line":103,"column":0},"end":{"line":null,"column":-1}},"4":{"start":{"line":105,"column":0},"end":{"line":107,"column":0}},"5":{"start":{"line":106,"column":0},"end":{"line":null,"column":-1}},"6":{"start":{"line":108,"column":0},"end":{"line":110,"column":0}},"7":{"start":{"line":109,"column":0},"end":{"line":null,"column":-1}},"8":{"start":{"line":111,"column":0},"end":{"line":113,"column":0}},"9":{"start":{"line":112,"column":0},"end":{"line":null,"column":-1}}},"fnMap":{},"branchMap":{"0":{"loc":{"start":{"line":102,"column":0},"end":{"line":104,"column":0}},"type":"if","locations":[{"start":{"line":102,"column":0},"end":{"line":104,"column":0}},{"start":{"line":102,"column":0},"end":{"line":104,"column":0}}]},"1":{"loc":{"start":{"line":105,"column":0},"end":{"line":107,"column":0}},"type":"if","locations":[{"start":{"line":105,"column":0},"end":{"line":107,"column":0}},{"start":{"line":105,"column":0},"end":{"line":107,"column":0}}]},"2":{"loc":{"start":{"line":108,"column":0},"end":{"line":110,"column":0}},"type":"if","locations":[{"start":{"line":108,"column":0},"end":{"line":110,"column":0}},{"start":{"line":108,"column":0},"end":{"line":110,"column":0}}]},"3":{"loc":{"start":{"line":111,"column":0},"end":{"line":113,"column":0}},"type":"if","locations":[{"start":{"line":111,"column":0},"end":{"line":113,"column":0}},{"start":{"line":111,"column":0},"end":{"line":113,"column":0}}]}},"s":{"0":2,"1":2,"2":2,"3":0,"4":2,"5":0,"6":2,"7":0,"8":2,"9":0},"f":{},"b":{"0":[0,2],"1":[0,2],"2":[0,2],"3":[0,2]}}
,"C:\\Users\\Essid\\Desktop\\Turing\\ms-fe-code-challenge2.0\\src\\components\\Table.vue": {"path":"C:\\Users\\Essid\\Desktop\\Turing\\ms-fe-code-challenge2.0\\src\\components\\Table.vue","statementMap":{"0":{"start":{"line":115,"column":0},"end":{"line":null,"column":-1}},"1":{"start":{"line":116,"column":0},"end":{"line":null,"column":-1}},"2":{"start":{"line":119,"column":0},"end":{"line":null,"column":-1}},"3":{"start":{"line":117,"column":0},"end":{"line":null,"column":-1}},"4":{"start":{"line":124,"column":0},"end":{"line":null,"column":-1}},"5":{"start":{"line":133,"column":0},"end":{"line":135,"column":0}},"6":{"start":{"line":134,"column":0},"end":{"line":null,"column":-1}},"7":{"start":{"line":136,"column":0},"end":{"line":152,"column":0}},"8":{"start":{"line":138,"column":0},"end":{"line":null,"column":-1}},"9":{"start":{"line":139,"column":0},"end":{"line":null,"column":-1}},"10":{"start":{"line":140,"column":0},"end":{"line":null,"column":-1}},"11":{"start":{"line":143,"column":0},"end":{"line":null,"column":-1}},"12":{"start":{"line":151,"column":0},"end":{"line":null,"column":-1}},"13":{"start":{"line":160,"column":0},"end":{"line":null,"column":-1}},"14":{"start":{"line":161,"column":0},"end":{"line":null,"column":-1}},"15":{"start":{"line":162,"column":0},"end":{"line":null,"column":-1}},"16":{"start":{"line":165,"column":0},"end":{"line":null,"column":-1}},"17":{"start":{"line":175,"column":0},"end":{"line":null,"column":-1}},"18":{"start":{"line":176,"column":0},"end":{"line":null,"column":-1}},"19":{"start":{"line":177,"column":0},"end":{"line":null,"column":-1}},"20":{"start":{"line":178,"column":0},"end":{"line":null,"column":-1}},"21":{"start":{"line":179,"column":0},"end":{"line":null,"column":-1}},"22":{"start":{"line":184,"column":0},"end":{"line":193,"column":0}},"23":{"start":{"line":189,"column":0},"end":{"line":null,"column":-1}},"24":{"start":{"line":192,"column":0},"end":{"line":null,"column":-1}},"25":{"start":{"line":194,"column":0},"end":{"line":203,"column":0}},"26":{"start":{"line":199,"column":0},"end":{"line":null,"column":-1}},"27":{"start":{"line":202,"column":0},"end":{"line":null,"column":-1}},"28":{"start":{"line":204,"column":0},"end":{"line":213,"column":0}},"29":{"start":{"line":209,"column":0},"end":{"line":null,"column":-1}},"30":{"start":{"line":212,"column":0},"end":{"line":null,"column":-1}}},"fnMap":{"0":{"name":"(anonymous_2)","decl":{"start":{"line":131,"column":0},"end":{"line":null,"column":-1}},"loc":{"start":{"line":131,"column":0},"end":{"line":155,"column":0}}},"1":{"name":"(anonymous_3)","decl":{"start":{"line":136,"column":0},"end":{"line":null,"column":-1}},"loc":{"start":{"line":136,"column":0},"end":{"line":152,"column":0}}},"2":{"name":"(anonymous_4)","decl":{"start":{"line":184,"column":0},"end":{"line":null,"column":-1}},"loc":{"start":{"line":184,"column":0},"end":{"line":190,"column":0}}},"3":{"name":"(anonymous_5)","decl":{"start":{"line":190,"column":0},"end":{"line":null,"column":-1}},"loc":{"start":{"line":190,"column":0},"end":{"line":193,"column":0}}},"4":{"name":"(anonymous_6)","decl":{"start":{"line":194,"column":0},"end":{"line":null,"column":-1}},"loc":{"start":{"line":194,"column":0},"end":{"line":200,"column":0}}},"5":{"name":"(anonymous_7)","decl":{"start":{"line":200,"column":0},"end":{"line":null,"column":-1}},"loc":{"start":{"line":200,"column":0},"end":{"line":203,"column":0}}},"6":{"name":"(anonymous_8)","decl":{"start":{"line":204,"column":0},"end":{"line":null,"column":-1}},"loc":{"start":{"line":204,"column":0},"end":{"line":210,"column":0}}},"7":{"name":"(anonymous_9)","decl":{"start":{"line":210,"column":0},"end":{"line":null,"column":-1}},"loc":{"start":{"line":210,"column":0},"end":{"line":213,"column":0}}}},"branchMap":{"0":{"loc":{"start":{"line":133,"column":0},"end":{"line":135,"column":0}},"type":"if","locations":[{"start":{"line":133,"column":0},"end":{"line":135,"column":0}},{"start":{"line":133,"column":0},"end":{"line":135,"column":0}}]}},"s":{"0":2,"1":2,"2":2,"3":2,"4":1,"5":0,"6":0,"7":0,"8":0,"9":0,"10":0,"11":0,"12":0,"13":0,"14":0,"15":0,"16":0,"17":0,"18":0,"19":0,"20":0,"21":0,"22":1,"23":0,"24":1,"25":1,"26":0,"27":1,"28":1,"29":0,"30":1},"f":{"0":0,"1":0,"2":0,"3":1,"4":0,"5":1,"6":0,"7":1},"b":{"0":[0,0]}}
}
