TN:
SF:C:\Users\Essid\Desktop\Turing\ms-fe-code-challenge2.0\src\App.vue
FNF:0
FNH:0
DA:9,2
DA:10,2
LF:2
LH:2
BRF:0
BRH:0
end_of_record
TN:
SF:C:\Users\Essid\Desktop\Turing\ms-fe-code-challenge2.0\src\components\Header.vue
FNF:0
FNH:0
DA:72,2
DA:77,2
DA:102,2
DA:103,0
DA:105,2
DA:106,0
DA:108,2
DA:109,0
DA:111,2
DA:112,0
LF:10
LH:6
BRDA:102,0,0,0
BRDA:102,0,1,2
BRDA:105,1,0,0
BRDA:105,1,1,2
BRDA:108,2,0,0
BRDA:108,2,1,2
BRDA:111,3,0,0
BRDA:111,3,1,2
BRF:8
BRH:4
end_of_record
TN:
SF:C:\Users\Essid\Desktop\Turing\ms-fe-code-challenge2.0\src\components\Table.vue
FN:131,(anonymous_2)
FN:136,(anonymous_3)
FN:184,(anonymous_4)
FN:190,(anonymous_5)
FN:194,(anonymous_6)
FN:200,(anonymous_7)
FN:204,(anonymous_8)
FN:210,(anonymous_9)
FNF:8
FNH:3
FNDA:0,(anonymous_2)
FNDA:0,(anonymous_3)
FNDA:0,(anonymous_4)
FNDA:1,(anonymous_5)
FNDA:0,(anonymous_6)
FNDA:1,(anonymous_7)
FNDA:0,(anonymous_8)
FNDA:1,(anonymous_9)
DA:115,2
DA:116,2
DA:117,2
DA:119,2
DA:124,1
DA:133,0
DA:134,0
DA:136,0
DA:138,0
DA:139,0
DA:140,0
DA:143,0
DA:151,0
DA:160,0
DA:161,0
DA:162,0
DA:165,0
DA:175,0
DA:176,0
DA:177,0
DA:178,0
DA:179,0
DA:184,1
DA:189,0
DA:192,1
DA:194,1
DA:199,0
DA:202,1
DA:204,1
DA:209,0
DA:212,1
LF:31
LH:11
BRDA:133,0,0,0
BRDA:133,0,1,0
BRF:2
BRH:0
end_of_record
